\BOOKMARK [0][-]{chapter.1}{\376\377\000F\000o\000r\000e\000w\000o\000r\000d}{}% 1
\BOOKMARK [0][-]{chapter.2}{\376\377\000R\000a\000p\000i\000d\000\040\000R\000e\000f\000e\000r\000e\000n\000c\000e}{}% 2
\BOOKMARK [1][-]{section.2.1}{\376\377\000C\000a\000l\000l\000i\000n\000g\000\040\000f\000o\000r\000\040\000H\000e\000l\000p}{chapter.2}% 3
\BOOKMARK [1][-]{section.2.2}{\376\377\000P\000A\000L\000S}{chapter.2}% 4
\BOOKMARK [1][-]{section.2.3}{\376\377\000I\000n\000f\000e\000c\000t\000i\000o\000u\000s\000\040\000D\000i\000s\000e\000a\000s\000e}{chapter.2}% 5
\BOOKMARK [1][-]{section.2.4}{\376\377\000R\000e\000s\000p\000i\000r\000a\000t\000o\000r\000y}{chapter.2}% 6
\BOOKMARK [1][-]{section.2.5}{\376\377\000S\000t\000a\000t\000u\000s\000\040\000E\000p\000i\000l\000e\000p\000t\000i\000c\000u\000s\000\040\000\050\000S\000E\000\051}{chapter.2}% 7
\BOOKMARK [1][-]{section.2.6}{\376\377\000P\000s\000y\000c\000h\000i\000a\000t\000r\000i\000c}{chapter.2}% 8
\BOOKMARK [0][-]{chapter.3}{\376\377\000A\000d\000o\000l\000e\000s\000c\000e\000n\000t\000\040\000M\000e\000d\000i\000c\000i\000n\000e}{}% 9
\BOOKMARK [1][-]{section.3.1}{\376\377\000B\000C\000H\000\040\000W\000a\000r\000d\000s\000\040\000T\000i\000p\000s}{chapter.3}% 10
\BOOKMARK [1][-]{section.3.2}{\376\377\000A\000d\000o\000l\000e\000s\000c\000e\000n\000t\000\040\000C\000l\000i\000n\000i\000c\000\040\000T\000i\000p\000s}{chapter.3}% 11
\BOOKMARK [1][-]{section.3.3}{\376\377\000H\000E\000E\000A\000D\000S\000S\000S\000\040\000A\000s\000s\000e\000s\000s\000m\000e\000n\000t}{chapter.3}% 12
\BOOKMARK [1][-]{section.3.4}{\376\377\000A\000d\000o\000l\000e\000s\000c\000e\000n\000t\000\040\000S\000c\000r\000e\000e\000n\000i\000n\000g\000\040\000T\000o\000o\000l\000s}{chapter.3}% 13
\BOOKMARK [1][-]{section.3.5}{\376\377\000C\000o\000n\000t\000r\000a\000c\000e\000p\000t\000i\000o\000n}{chapter.3}% 14
\BOOKMARK [1][-]{section.3.6}{\376\377\000T\000a\000n\000n\000e\000r\000\040\000S\000t\000a\000g\000i\000n\000g}{chapter.3}% 15
\BOOKMARK [1][-]{section.3.7}{\376\377\000V\000a\000g\000i\000n\000a\000l\000\040\000D\000i\000s\000c\000h\000a\000r\000g\000e\000\040\000a\000n\000d\000\040\000I\000n\000f\000e\000c\000t\000i\000o\000n\000s}{chapter.3}% 16
\BOOKMARK [1][-]{section.3.8}{\376\377\000H\000I\000V}{chapter.3}% 17
\BOOKMARK [1][-]{section.3.9}{\376\377\000G\000e\000n\000i\000t\000a\000l\000\040\000U\000l\000c\000e\000r\000s\000\040\000a\000n\000d\000\040\000W\000a\000r\000t\000s}{chapter.3}% 18
\BOOKMARK [1][-]{section.3.10}{\376\377\000P\000e\000l\000v\000i\000c\000\040\000I\000n\000f\000l\000a\000m\000m\000a\000t\000o\000r\000y\000\040\000D\000i\000s\000e\000a\000s\000e\000\040\000\050\000P\000I\000D\000\051}{chapter.3}% 19
\BOOKMARK [1][-]{section.3.11}{\376\377\000H\000e\000a\000v\000y\000\040\000o\000r\000\040\000I\000r\000r\000e\000g\000u\000l\000a\000r\000\040\000M\000e\000n\000s\000t\000r\000u\000a\000l\000\040\000B\000l\000e\000e\000d\000i\000n\000g}{chapter.3}% 20
\BOOKMARK [1][-]{section.3.12}{\376\377\000A\000m\000e\000n\000o\000r\000r\000h\000e\000a}{chapter.3}% 21
\BOOKMARK [1][-]{section.3.13}{\376\377\000G\000e\000n\000d\000e\000r\000\040\000A\000f\000f\000i\000r\000m\000i\000n\000g\000\040\000C\000a\000r\000e}{chapter.3}% 22
\BOOKMARK [1][-]{section.3.14}{\376\377\000E\000a\000t\000i\000n\000g\000\040\000D\000i\000s\000o\000r\000d\000e\000r\000s\000\040\000\050\000E\000D\000\051}{chapter.3}% 23
\BOOKMARK [1][-]{section.3.15}{\376\377\000R\000e\000f\000e\000r\000e\000n\000c\000e\000s}{chapter.3}% 24
\BOOKMARK [0][-]{chapter.4}{\376\377\000A\000l\000l\000e\000r\000g\000y\000\040\000a\000n\000d\000\040\000I\000m\000m\000u\000n\000o\000l\000o\000g\000y}{}% 25
\BOOKMARK [1][-]{section.4.1}{\376\377\000A\000d\000v\000e\000r\000s\000e\000\040\000D\000r\000u\000g\000\040\000R\000e\000a\000c\000t\000i\000o\000n\000s}{chapter.4}% 26
\BOOKMARK [1][-]{section.4.2}{\376\377\000A\000n\000a\000p\000h\000y\000l\000a\000x\000i\000s}{chapter.4}% 27
\BOOKMARK [1][-]{section.4.3}{\376\377\000P\000r\000i\000m\000a\000r\000y\000\040\000I\000m\000m\000u\000n\000o\000d\000e\000f\000i\000c\000i\000e\000n\000c\000i\000e\000s}{chapter.4}% 28
\BOOKMARK [1][-]{section.4.4}{\376\377\000I\000n\000d\000i\000c\000a\000t\000i\000o\000n\000s\000\040\000f\000o\000r\000\040\000a\000\040\000P\000r\000i\000m\000a\000r\000y\000\040\000I\000m\000m\000u\000n\000o\000d\000e\000f\000i\000c\000i\000e\000n\000c\000y\000\040\000E\000v\000a\000l\000u\000a\000t\000i\000o\000n}{chapter.4}% 29
\BOOKMARK [1][-]{section.4.5}{\376\377\000D\000i\000a\000g\000n\000o\000s\000t\000i\000c\000\040\000A\000p\000p\000r\000o\000a\000c\000h\000\040\000t\000o\000\040\000P\000r\000i\000m\000a\000r\000y\000\040\000I\000m\000m\000u\000n\000o\000d\000e\000f\000i\000c\000i\000e\000n\000c\000i\000e\000s}{chapter.4}% 30
\BOOKMARK [1][-]{section.4.6}{\376\377\000C\000l\000a\000s\000s\000i\000f\000i\000c\000a\000t\000i\000o\000n\000\040\000o\000f\000\040\000P\000r\000i\000m\000a\000r\000y\000\040\000I\000m\000m\000u\000n\000o\000d\000e\000f\000i\000c\000i\000e\000n\000c\000i\000e\000s}{chapter.4}% 31
\BOOKMARK [1][-]{section.4.7}{\376\377\000S\000e\000l\000e\000c\000t\000e\000d\000\040\000P\000r\000i\000m\000a\000r\000y\000\040\000I\000m\000m\000u\000n\000o\000d\000e\000f\000i\000c\000i\000e\000n\000c\000i\000e\000s}{chapter.4}% 32
\BOOKMARK [1][-]{section.4.8}{\376\377\000S\000e\000l\000e\000c\000t\000e\000d\000\040\000I\000m\000m\000u\000n\000o\000d\000e\000f\000i\000c\000i\000e\000n\000c\000i\000e\000s}{chapter.4}% 33
\BOOKMARK [1][-]{section.4.9}{\376\377\000S\000p\000e\000c\000i\000f\000i\000c\000\040\000A\000n\000t\000i\000b\000o\000d\000y\000\040\000D\000e\000f\000i\000c\000i\000e\000n\000c\000i\000e\000s}{chapter.4}% 34
\BOOKMARK [1][-]{section.4.10}{\376\377\000C\000h\000a\000r\000a\000c\000t\000e\000r\000i\000s\000t\000i\000c\000s\000\040\000o\000f\000\040\000S\000e\000l\000e\000c\000t\000e\000d\000\040\000S\000C\000I\000D\000\040\000d\000i\000s\000o\000r\000d\000e\000r\000s}{chapter.4}% 35
\BOOKMARK [1][-]{section.4.11}{\376\377\000G\000e\000n\000e\000r\000a\000l\000\040\000A\000p\000p\000r\000o\000a\000c\000h\000\040\000t\000o\000\040\000t\000h\000e\000\040\000I\000m\000m\000u\000n\000o\000d\000e\000f\000i\000c\000i\000e\000n\000t\000\040\000P\000a\000t\000i\000e\000n\000t}{chapter.4}% 36
\BOOKMARK [0][-]{chapter.5}{\376\377\000C\000a\000r\000d\000i\000o\000l\000o\000g\000y}{}% 37
\BOOKMARK [1][-]{section.5.1}{\376\377\000C\000a\000r\000d\000i\000o\000l\000o\000g\000y\000\040\000R\000o\000t\000a\000t\000i\000o\000n\000\040\000T\000i\000p\000s}{chapter.5}% 38
\BOOKMARK [1][-]{section.5.2}{\376\377\000D\000i\000s\000a\000s\000t\000e\000r\000\040\000P\000l\000a\000n\000n\000i\000n\000g}{chapter.5}% 39
\BOOKMARK [1][-]{section.5.3}{\376\377\000E\000K\000G\000\040\000A\000p\000p\000r\000o\000a\000c\000h}{chapter.5}% 40
\BOOKMARK [1][-]{section.5.4}{\376\377\000O\000t\000h\000e\000r\000\040\000C\000a\000r\000d\000i\000a\000c\000\040\000W\000o\000r\000k\000-\000U\000p}{chapter.5}% 41
\BOOKMARK [1][-]{section.5.5}{\376\377\000C\000o\000m\000m\000o\000n\000\040\000C\000a\000r\000d\000i\000o\000l\000o\000g\000y\000\040\000C\000o\000n\000c\000e\000r\000n\000s}{chapter.5}% 42
\BOOKMARK [1][-]{section.5.6}{\376\377\000A\000r\000r\000h\000y\000t\000h\000m\000i\000a\000s\000\040\000\046\000\040\000P\000a\000c\000e\000m\000a\000k\000e\000r\000s}{chapter.5}% 43
\BOOKMARK [1][-]{section.5.7}{\376\377\000A\000c\000y\000a\000n\000o\000t\000i\000c\000\040\000C\000o\000n\000g\000e\000n\000i\000t\000a\000l\000\040\000H\000e\000a\000r\000t\000\040\000D\000i\000s\000e\000a\000s\000e\000\040\000\050\000C\000H\000D\000\051}{chapter.5}% 44
\BOOKMARK [1][-]{section.5.8}{\376\377\000C\000y\000a\000n\000o\000t\000i\000c\000\040\000C\000o\000n\000g\000e\000n\000i\000t\000a\000l\000\040\000H\000e\000a\000r\000t\000\040\000D\000i\000s\000e\000a\000s\000e\000\040\000\050\000C\000H\000D\000\051}{chapter.5}% 45
\BOOKMARK [1][-]{section.5.9}{\376\377\000S\000u\000r\000g\000i\000c\000a\000l\000\040\000R\000e\000p\000a\000i\000r\000\040\000o\000f\000\040\000C\000H\000D}{chapter.5}% 46
\BOOKMARK [1][-]{section.5.10}{\376\377\000C\000a\000t\000h\000e\000t\000e\000r\000i\000z\000a\000t\000i\000o\000n\000\040\000\046\000\040\000C\000a\000r\000i\000n\000g\000\040\000f\000o\000r\000\040\000t\000h\000e\000\040\000P\000o\000s\000t\000-\000C\000a\000t\000h\000\040\000C\000h\000i\000l\000d}{chapter.5}% 47
\BOOKMARK [1][-]{section.5.11}{\376\377\000C\000a\000r\000d\000i\000o\000m\000y\000o\000p\000a\000t\000h\000y}{chapter.5}% 48
\BOOKMARK [1][-]{section.5.12}{\376\377\000C\000o\000n\000g\000e\000s\000t\000i\000v\000e\000\040\000H\000e\000a\000r\000t\000\040\000F\000a\000i\000l\000u\000r\000e\000\040\000\050\000C\000H\000F\000\051}{chapter.5}% 49
\BOOKMARK [1][-]{section.5.13}{\376\377\000C\000o\000r\000o\000n\000a\000r\000y\000\040\000A\000r\000t\000e\000r\000y\000\040\000A\000n\000o\000m\000a\000l\000i\000e\000s}{chapter.5}% 50
\BOOKMARK [1][-]{section.5.14}{\376\377\000P\000u\000l\000m\000o\000n\000a\000r\000y\000\040\000H\000y\000p\000e\000r\000t\000e\000n\000s\000i\000o\000n\000\040\000\050\000p\000H\000T\000N\000\051}{chapter.5}% 51
\BOOKMARK [1][-]{section.5.15}{\376\377\000C\000a\000r\000d\000i\000a\000c\000\040\000I\000n\000f\000e\000c\000t\000i\000o\000n\000s}{chapter.5}% 52
\BOOKMARK [1][-]{section.5.16}{\376\377\000R\000e\000f\000e\000r\000e\000n\000c\000e\000s}{chapter.5}% 53
\BOOKMARK [0][-]{chapter.6}{\376\377\000C\000e\000l\000l\000u\000l\000a\000r\000\040\000T\000h\000e\000r\000a\000p\000y}{}% 54
\BOOKMARK [1][-]{section.6.1}{\376\377\000I\000n\000t\000r\000o\000d\000u\000c\000t\000i\000o\000n}{chapter.6}% 55
\BOOKMARK [1][-]{section.6.2}{\376\377\000H\000e\000m\000a\000t\000o\000p\000o\000i\000e\000t\000i\000c\000\040\000C\000e\000l\000l\000\040\000T\000r\000a\000n\000s\000p\000l\000a\000n\000t\000a\000t\000i\000o\000n\000\040\000\050\000H\000C\000T\000\051}{chapter.6}% 56
\BOOKMARK [1][-]{section.6.3}{\376\377\000C\000y\000t\000o\000t\000o\000x\000i\000c\000\040\000T\000\040\000L\000y\000m\000p\000h\000o\000c\000y\000t\000e\000s\000\040\000\050\000C\000T\000L\000s\000\051}{chapter.6}% 57
\BOOKMARK [1][-]{section.6.4}{\376\377\000C\000h\000i\000m\000e\000r\000i\000c\000\040\000A\000n\000t\000i\000g\000e\000n\000\040\000R\000e\000c\000e\000p\000t\000o\000r\000\040\000\050\000C\000A\000R\000\051\000\040\000T\000-\000c\000e\000l\000l\000s}{chapter.6}% 58
\BOOKMARK [1][-]{section.6.5}{\376\377\000E\000m\000e\000r\000g\000i\000n\000g\000\040\000C\000e\000l\000l\000u\000l\000a\000r\000\040\000T\000h\000e\000r\000a\000p\000i\000e\000s}{chapter.6}% 59
\BOOKMARK [0][-]{chapter.7}{\376\377\000C\000r\000i\000t\000i\000c\000a\000l\000\040\000C\000a\000r\000e\000\040\000\046\000\040\000I\000C\000P}{}% 60
\BOOKMARK [1][-]{section.7.1}{\376\377\000V\000a\000s\000o\000p\000r\000e\000s\000s\000o\000r\000s\000\040\000\046\000\040\000I\000n\000o\000t\000r\000o\000p\000e\000s}{chapter.7}% 61
\BOOKMARK [1][-]{section.7.2}{\376\377\000S\000h\000o\000c\000k}{chapter.7}% 62
\BOOKMARK [1][-]{section.7.3}{\376\377\000A\000n\000a\000l\000g\000e\000s\000i\000a\000,\000\040\000S\000e\000d\000a\000t\000i\000o\000n\000\040\000\046\000\040\000P\000a\000r\000a\000l\000y\000s\000i\000s}{chapter.7}% 63
\BOOKMARK [1][-]{section.7.4}{\376\377\000R\000a\000p\000i\000d\000\040\000S\000e\000q\000u\000e\000n\000c\000e\000\040\000I\000n\000t\000u\000b\000a\000t\000i\000o\000n\000\040\000\050\000R\000S\000I\000\051}{chapter.7}% 64
\BOOKMARK [1][-]{section.7.5}{\376\377\000R\000e\000s\000p\000i\000r\000a\000t\000o\000r\000y\000\040\000S\000u\000p\000p\000o\000r\000t\000:\000\040\000V\000e\000n\000t\000i\000l\000a\000t\000i\000o\000n\000\040\000\046\000\040\000O\000x\000y\000g\000e\000n\000a\000t\000i\000o\000n}{chapter.7}% 65
\BOOKMARK [1][-]{section.7.6}{\376\377\000E\000x\000t\000r\000a\000c\000o\000r\000p\000o\000r\000e\000a\000l\000\040\000M\000e\000m\000b\000r\000a\000n\000e\000\040\000O\000x\000y\000g\000e\000n\000a\000t\000i\000o\000n\000\040\000\050\000E\000C\000M\000O\000\051}{chapter.7}% 66
\BOOKMARK [1][-]{section.7.7}{\376\377\000A\000c\000u\000t\000e\000\040\000R\000e\000s\000p\000i\000r\000a\000t\000o\000r\000y\000\040\000D\000i\000s\000t\000r\000e\000s\000s\000\040\000S\000y\000n\000d\000r\000o\000m\000e\000\040\000\050\000A\000R\000D\000S\000\051}{chapter.7}% 67
\BOOKMARK [1][-]{section.7.8}{\376\377\000H\000y\000p\000e\000r\000t\000e\000n\000s\000i\000v\000e\000\040\000C\000r\000i\000s\000i\000s}{chapter.7}% 68
\BOOKMARK [1][-]{section.7.9}{\376\377\000D\000i\000a\000b\000e\000t\000i\000c\000\040\000K\000e\000t\000o\000a\000c\000i\000d\000o\000s\000i\000s\000\040\000\050\000D\000K\000A\000\051}{chapter.7}% 69
\BOOKMARK [1][-]{section.7.10}{\376\377\000R\000e\000f\000e\000r\000e\000n\000c\000e\000s}{chapter.7}% 70
\BOOKMARK [0][-]{chapter.8}{\376\377\000D\000e\000r\000m\000a\000t\000o\000l\000o\000g\000y}{}% 71
\BOOKMARK [1][-]{section.8.1}{\376\377\000K\000e\000y\000\040\000Q\000u\000e\000s\000t\000i\000o\000n\000s\000\040\000f\000o\000r\000\040\000T\000a\000k\000i\000n\000g\000\040\000a\000\040\000D\000e\000r\000m\000a\000t\000o\000l\000o\000g\000i\000c\000\040\000H\000I\000s\000t\000o\000r\000y}{chapter.8}% 72
\BOOKMARK [1][-]{section.8.2}{\376\377\000D\000e\000s\000c\000r\000i\000b\000i\000n\000g\000\040\000D\000e\000r\000m\000a\000t\000o\000l\000o\000g\000i\000c\000\040\000L\000e\000s\000i\000o\000n\000s}{chapter.8}% 73
\BOOKMARK [1][-]{section.8.3}{\376\377\000N\000e\000w\000b\000o\000r\000n\000\040\000D\000e\000r\000m}{chapter.8}% 74
\BOOKMARK [1][-]{section.8.4}{\376\377\000D\000e\000r\000m\000a\000t\000o\000l\000o\000g\000i\000c\000\040\000E\000m\000e\000r\000g\000e\000n\000c\000i\000e\000s}{chapter.8}% 75
\BOOKMARK [1][-]{section.8.5}{\376\377\000C\000o\000m\000m\000o\000n\000\040\000D\000e\000r\000m\000a\000t\000o\000l\000o\000g\000i\000c\000\040\000C\000o\000n\000d\000i\000t\000i\000o\000n\000s}{chapter.8}% 76
\BOOKMARK [1][-]{section.8.6}{\376\377\000C\000u\000t\000a\000n\000e\000o\000u\000s\000\040\000S\000i\000g\000n\000s\000\040\000o\000f\000\040\000S\000y\000s\000t\000e\000m\000i\000c\000\040\000D\000i\000s\000e\000a\000s\000e}{chapter.8}% 77
\BOOKMARK [1][-]{section.8.7}{\376\377\000D\000r\000u\000g\000\040\000E\000r\000u\000p\000t\000i\000o\000n\000s}{chapter.8}% 78
\BOOKMARK [1][-]{section.8.8}{\376\377\000P\000r\000i\000n\000c\000i\000p\000l\000e\000s\000\040\000o\000f\000\040\000D\000e\000r\000m\000a\000t\000o\000l\000o\000g\000i\000c\000\040\000T\000h\000e\000r\000a\000p\000y}{chapter.8}% 79
\BOOKMARK [1][-]{section.8.9}{\376\377\000T\000o\000p\000i\000c\000a\000l\000\040\000S\000t\000e\000r\000o\000i\000d\000s}{chapter.8}% 80
\BOOKMARK [1][-]{section.8.10}{\376\377\000S\000u\000n\000\040\000P\000r\000o\000t\000e\000c\000t\000i\000o\000n}{chapter.8}% 81
\BOOKMARK [1][-]{section.8.11}{\376\377\000R\000e\000f\000e\000r\000e\000n\000c\000e\000s}{chapter.8}% 82
\BOOKMARK [0][-]{chapter.9}{\376\377\000E\000m\000e\000r\000g\000e\000n\000c\000y\000\040\000M\000e\000d\000i\000c\000i\000n\000e}{}% 83
\BOOKMARK [1][-]{section.9.1}{\376\377\000A\000c\000u\000t\000e\000\040\000A\000b\000d\000o\000m\000i\000n\000a\000l\000\040\000P\000a\000i\000n}{chapter.9}% 84
\BOOKMARK [1][-]{section.9.2}{\376\377\000A\000l\000t\000e\000r\000e\000d\000\040\000M\000e\000n\000t\000a\000l\000\040\000S\000t\000a\000t\000u\000s}{chapter.9}% 85
\BOOKMARK [1][-]{section.9.3}{\376\377\000B\000l\000u\000n\000t\000\040\000A\000b\000d\000o\000m\000i\000n\000a\000l\000\040\000T\000r\000a\000u\000m\000a}{chapter.9}% 86
\BOOKMARK [1][-]{section.9.4}{\376\377\000A\000p\000p\000e\000n\000d\000i\000c\000i\000t\000i\000s}{chapter.9}% 87
\BOOKMARK [1][-]{section.9.5}{\376\377\000A\000c\000u\000t\000e\000\040\000C\000h\000e\000s\000t\000\040\000P\000a\000i\000n}{chapter.9}% 88
\BOOKMARK [1][-]{section.9.6}{\376\377\000A\000c\000u\000t\000e\000\040\000S\000c\000r\000o\000t\000a\000l\000\040\000P\000a\000i\000n}{chapter.9}% 89
\BOOKMARK [1][-]{section.9.7}{\376\377\000A\000t\000r\000a\000u\000m\000a\000t\000i\000c\000\040\000L\000i\000m\000p}{chapter.9}% 90
\BOOKMARK [1][-]{section.9.8}{\376\377\000A\000n\000i\000m\000a\000l\000\040\000B\000i\000t\000e\000s}{chapter.9}% 91
\BOOKMARK [1][-]{section.9.9}{\376\377\000B\000r\000i\000e\000f\000\040\000R\000e\000s\000o\000l\000v\000e\000d\000\040\000U\000n\000e\000x\000p\000l\000a\000i\000n\000e\000d\000\040\000E\000v\000e\000n\000t\000\040\000\050\000B\000R\000U\000E\000\051}{chapter.9}% 92
\BOOKMARK [1][-]{section.9.10}{\376\377\000B\000u\000r\000n\000s}{chapter.9}% 93
\BOOKMARK [1][-]{section.9.11}{\376\377\000D\000e\000e\000p\000\040\000S\000p\000a\000c\000e\000\040\000N\000e\000c\000k\000\040\000I\000n\000f\000e\000c\000t\000i\000o\000n\000s}{chapter.9}% 94
\BOOKMARK [1][-]{section.9.12}{\376\377\000D\000e\000h\000y\000d\000r\000a\000t\000i\000o\000n}{chapter.9}% 95
\BOOKMARK [1][-]{section.9.13}{\376\377\000D\000e\000n\000t\000a\000l\000\040\000E\000m\000e\000r\000g\000e\000n\000c\000i\000e\000s}{chapter.9}% 96
\BOOKMARK [1][-]{section.9.14}{\376\377\000E\000p\000i\000s\000t\000a\000x\000i\000s}{chapter.9}% 97
\BOOKMARK [1][-]{section.9.15}{\376\377\000F\000e\000b\000r\000i\000l\000e\000\040\000I\000n\000f\000a\000n\000t}{chapter.9}% 98
\BOOKMARK [1][-]{section.9.16}{\376\377\000F\000o\000r\000e\000i\000g\000n\000\040\000B\000o\000d\000y\000\040\000A\000s\000p\000i\000r\000a\000t\000i\000o\000n}{chapter.9}% 99
\BOOKMARK [1][-]{section.9.17}{\376\377\000F\000o\000r\000e\000i\000g\000n\000\040\000B\000o\000d\000y\000\040\000I\000n\000g\000e\000s\000t\000i\000o\000n}{chapter.9}% 100
\BOOKMARK [1][-]{section.9.18}{\376\377\000S\000u\000s\000p\000e\000c\000t\000e\000d\000\040\000C\000h\000i\000l\000d\000\040\000A\000b\000u\000s\000e}{chapter.9}% 101
\BOOKMARK [1][-]{section.9.19}{\376\377\000S\000e\000x\000u\000a\000l\000\040\000A\000s\000s\000a\000u\000l\000t}{chapter.9}% 102
\BOOKMARK [1][-]{section.9.20}{\376\377\000S\000y\000n\000c\000o\000p\000e}{chapter.9}% 103
\BOOKMARK [1][-]{section.9.21}{\376\377\000T\000r\000a\000u\000m\000a}{chapter.9}% 104
\BOOKMARK [1][-]{section.9.22}{\376\377\000M\000i\000l\000d\000\040\000T\000r\000a\000u\000m\000a\000t\000i\000c\000\040\000B\000r\000a\000i\000n\000\040\000I\000n\000j\000u\000r\000y\000\040\000\050\000C\000o\000n\000t\000u\000s\000i\000o\000n\000\040\000a\000n\000d\000\040\000C\000o\000n\000c\000u\000s\000s\000i\000o\000n\000\051}{chapter.9}% 105
\BOOKMARK [1][-]{section.9.23}{\376\377\000C\000e\000r\000v\000i\000c\000a\000l\000\040\000S\000p\000i\000n\000e\000\040\000I\000n\000j\000u\000r\000y}{chapter.9}% 106
\BOOKMARK [1][-]{section.9.24}{\376\377\000L\000a\000c\000e\000r\000a\000t\000i\000o\000n\000\040\000R\000e\000p\000a\000i\000r}{chapter.9}% 107
\BOOKMARK [0][-]{chapter.10}{\376\377\000E\000n\000d\000o\000c\000r\000i\000n\000o\000l\000o\000g\000y}{}% 108
\BOOKMARK [1][-]{section.10.1}{\376\377\000A\000d\000r\000e\000n\000a\000l\000\040\000I\000n\000s\000u\000f\000f\000i\000c\000i\000e\000n\000c\000y}{chapter.10}% 109
\BOOKMARK [1][-]{section.10.2}{\376\377\000D\000i\000a\000b\000e\000t\000i\000c\000\040\000K\000e\000t\000o\000a\000c\000i\000d\000o\000s\000i\000s}{chapter.10}% 110
\BOOKMARK [1][-]{section.10.3}{\376\377\000H\000y\000p\000o\000g\000l\000y\000c\000e\000m\000i\000a}{chapter.10}% 111
\BOOKMARK [1][-]{section.10.4}{\376\377\000D\000i\000a\000b\000e\000t\000e\000s\000\040\000I\000n\000s\000i\000p\000i\000d\000u\000s}{chapter.10}% 112
\BOOKMARK [1][-]{section.10.5}{\376\377\000S\000y\000n\000d\000r\000o\000m\000e\000\040\000o\000f\000\040\000I\000n\000a\000p\000p\000r\000o\000p\000r\000i\000a\000t\000e\000\040\000A\000D\000H\000\040\000\050\000S\000I\000A\000D\000H\000\051}{chapter.10}% 113
\BOOKMARK [1][-]{section.10.6}{\376\377\000C\000a\000l\000c\000i\000u\000m\000\040\000H\000o\000m\000e\000o\000s\000t\000a\000s\000i\000s}{chapter.10}% 114
\BOOKMARK [1][-]{section.10.7}{\376\377\000H\000y\000p\000o\000c\000a\000l\000c\000e\000m\000i\000a}{chapter.10}% 115
\BOOKMARK [1][-]{section.10.8}{\376\377\000H\000y\000p\000e\000r\000c\000a\000l\000c\000e\000m\000i\000a}{chapter.10}% 116
\BOOKMARK [0][-]{chapter.11}{\376\377\000G\000a\000s\000t\000r\000o\000e\000n\000t\000e\000r\000o\000l\000o\000g\000y\000,\000\040\000H\000e\000p\000a\000t\000o\000l\000o\000g\000y\000\040\000\046\000\040\000N\000u\000t\000r\000i\000t\000i\000o\000n}{}% 117
\BOOKMARK [1][-]{section.11.1}{\376\377\000C\000o\000n\000s\000t\000i\000p\000a\000t\000i\000o\000n}{chapter.11}% 118
\BOOKMARK [1][-]{section.11.2}{\376\377\000D\000i\000a\000r\000r\000h\000e\000a}{chapter.11}% 119
\BOOKMARK [1][-]{section.11.3}{\376\377\000A\000c\000u\000t\000e\000\040\000G\000a\000s\000t\000r\000o\000e\000n\000t\000e\000r\000i\000t\000i\000s}{chapter.11}% 120
\BOOKMARK [1][-]{section.11.4}{\376\377\000C\000l\000o\000s\000t\000r\000i\000d\000i\000u\000m\000\040\000D\000i\000f\000f\000i\000c\000i\000l\000e\000\040\000\050\000C\000.\000\040\000d\000i\000f\000f\000\051}{chapter.11}% 121
\BOOKMARK [1][-]{section.11.5}{\376\377\000I\000n\000f\000l\000a\000m\000m\000a\000t\000o\000r\000y\000\040\000B\000o\000w\000e\000l\000\040\000D\000i\000s\000e\000a\000s\000e\000\040\000\050\000I\000B\000D\000\051}{chapter.11}% 122
\BOOKMARK [1][-]{section.11.6}{\376\377\000M\000a\000l\000a\000b\000s\000o\000r\000p\000t\000i\000o\000n}{chapter.11}% 123
\BOOKMARK [1][-]{section.11.7}{\376\377\000C\000e\000l\000i\000a\000c\000\040\000D\000i\000s\000e\000a\000s\000e}{chapter.11}% 124
\BOOKMARK [1][-]{section.11.8}{\376\377\000G\000a\000s\000t\000r\000o\000i\000n\000t\000e\000s\000t\000i\000n\000a\000l\000\040\000B\000l\000e\000e\000d\000i\000n\000g}{chapter.11}% 125
\BOOKMARK [1][-]{section.11.9}{\376\377\000G\000a\000s\000t\000r\000o\000e\000s\000o\000p\000h\000a\000g\000e\000a\000l\000\040\000R\000e\000f\000l\000u\000x\000\040\000D\000i\000s\000e\000a\000s\000e\000\040\000\050\000G\000E\000R\000/\000G\000E\000R\000D\000\051}{chapter.11}% 126
\BOOKMARK [1][-]{section.11.10}{\376\377\000P\000a\000n\000c\000r\000e\000a\000t\000i\000t\000i\000s}{chapter.11}% 127
\BOOKMARK [1][-]{section.11.11}{\376\377\000F\000u\000n\000c\000t\000i\000o\000n\000a\000l\000\040\000G\000a\000s\000t\000r\000o\000i\000n\000t\000e\000s\000t\000i\000n\000a\000l\000\040\000D\000i\000s\000o\000r\000d\000e\000r\000s\000\040\000\050\000F\000G\000I\000D\000\051}{chapter.11}% 128
\BOOKMARK [1][-]{section.11.12}{\376\377\000N\000e\000w\000b\000o\000r\000n\000\040\000G\000I}{chapter.11}% 129
\BOOKMARK [1][-]{section.11.13}{\376\377\000G\000I\000\040\000I\000m\000a\000g\000i\000n\000g}{chapter.11}% 130
\BOOKMARK [1][-]{section.11.14}{\376\377\000G\000-\000T\000u\000b\000e\000s\000\040\000\046\000\040\000J\000-\000T\000u\000b\000e\000s}{chapter.11}% 131
\BOOKMARK [1][-]{section.11.15}{\376\377\000I\000n\000f\000a\000n\000t\000\040\000F\000o\000r\000m\000u\000l\000a\000s}{chapter.11}% 132
\BOOKMARK [1][-]{section.11.16}{\376\377\000T\000o\000t\000a\000l\000\040\000P\000a\000r\000e\000n\000t\000e\000r\000a\000l\000\040\000N\000u\000t\000r\000i\000t\000i\000o\000n\000\040\000\050\000T\000P\000N\000\051}{chapter.11}% 133
\BOOKMARK [1][-]{section.11.17}{\376\377\000L\000i\000v\000e\000r\000\040\000E\000n\000z\000y\000m\000e\000s}{chapter.11}% 134
\BOOKMARK [1][-]{section.11.18}{\376\377\000I\000n\000f\000e\000c\000t\000i\000o\000u\000s\000\040\000H\000e\000p\000a\000t\000i\000t\000i\000s}{chapter.11}% 135
\BOOKMARK [1][-]{section.11.19}{\376\377\000A\000u\000t\000o\000i\000m\000m\000u\000n\000e\000\040\000H\000e\000p\000a\000t\000i\000t\000i\000s}{chapter.11}% 136
\BOOKMARK [1][-]{section.11.20}{\376\377\000N\000o\000n\000-\000A\000l\000c\000o\000h\000o\000l\000i\000c\000\040\000F\000a\000t\000t\000y\000\040\000L\000i\000v\000e\000r\000\040\000D\000i\000s\000e\000a\000s\000e\000\040\000\050\000N\000A\000F\000L\000D\000\051}{chapter.11}% 137
\BOOKMARK [1][-]{section.11.21}{\376\377\000R\000e\000f\000e\000r\000e\000n\000c\000e\000s}{chapter.11}% 138
\BOOKMARK [0][-]{chapter.12}{\376\377\000H\000e\000m\000a\000t\000o\000l\000o\000g\000y}{}% 139
\BOOKMARK [1][-]{section.12.1}{\376\377\000A\000n\000e\000m\000i\000a\000\040}{chapter.12}% 140
\BOOKMARK [1][-]{section.12.2}{\376\377\000S\000i\000c\000k\000l\000e\000\040\000C\000e\000l\000l\000\040\000A\000n\000e\000m\000i\000a}{chapter.12}% 141
\BOOKMARK [1][-]{section.12.3}{\376\377\000T\000r\000a\000n\000s\000f\000u\000s\000i\000o\000n\000\040\000M\000e\000d\000i\000c\000i\000n\000e}{chapter.12}% 142
\BOOKMARK [1][-]{section.12.4}{\376\377\000P\000a\000n\000c\000y\000t\000o\000p\000e\000n\000i\000a}{chapter.12}% 143
\BOOKMARK [1][-]{section.12.5}{\376\377\000T\000h\000r\000o\000m\000b\000o\000c\000y\000t\000o\000p\000e\000n\000i\000a}{chapter.12}% 144
\BOOKMARK [1][-]{section.12.6}{\376\377\000H\000e\000m\000a\000t\000o\000l\000o\000g\000i\000c\000\040\000D\000i\000s\000o\000r\000d\000e\000r\000s\000\040\000o\000f\000\040\000t\000h\000e\000\040\000N\000e\000w\000b\000o\000r\000n\000/\000C\000h\000i\000l\000d}{chapter.12}% 145
\BOOKMARK [1][-]{section.12.7}{\376\377\000C\000o\000a\000g\000u\000l\000a\000t\000i\000o\000n\000\040\000D\000i\000s\000o\000r\000d\000e\000r\000s}{chapter.12}% 146
\BOOKMARK [1][-]{section.12.8}{\376\377\000A\000n\000t\000i\000p\000l\000a\000t\000e\000l\000e\000t\000\040\000/\000\040\000A\000n\000t\000i\000c\000o\000a\000g\000u\000l\000a\000n\000t\000\040\000M\000e\000d\000i\000c\000a\000t\000i\000o\000n\000s}{chapter.12}% 147
\BOOKMARK [1][-]{section.12.9}{\376\377\000R\000e\000f\000e\000r\000e\000n\000c\000e\000s}{chapter.12}% 148
\BOOKMARK [0][-]{chapter.13}{\376\377\000I\000n\000f\000e\000c\000t\000i\000o\000u\000s\000\040\000D\000i\000s\000e\000a\000s\000e\000s}{}% 149
\BOOKMARK [1][-]{section.13.1}{\376\377\000A\000n\000t\000i\000b\000i\000o\000g\000r\000a\000m\000+}{chapter.13}% 150
\BOOKMARK [1][-]{section.13.2}{\376\377\000A\000n\000t\000i\000b\000i\000o\000t\000i\000c\000\040\000S\000u\000s\000c\000e\000p\000t\000i\000b\000i\000l\000i\000t\000i\000e\000s\000\040\000f\000o\000r\000\040\000C\000o\000m\000m\000o\000n\000\040\000P\000a\000t\000h\000o\000g\000e\000n\000s}{chapter.13}% 151
\BOOKMARK [1][-]{section.13.3}{\376\377\000A\000n\000t\000i\000b\000i\000o\000t\000i\000c\000\040\000R\000e\000c\000o\000m\000m\000e\000n\000d\000a\000t\000i\000o\000n\000s\000\040\000\050\000D\000o\000s\000i\000n\000g\000,\000\040\000D\000u\000r\000a\000t\000i\000o\000n\000\051\000\040\000f\000o\000r\000\040\000C\000o\000m\000m\000o\000n\000\040\000I\000n\000f\000e\000c\000t\000i\000o\000n\000s}{chapter.13}% 152
\BOOKMARK [1][-]{section.13.4}{\376\377\000C\000e\000l\000l\000u\000l\000i\000t\000i\000s\000\040\000\046\000\040\000A\000b\000s\000c\000e\000s\000s}{chapter.13}% 153
\BOOKMARK [1][-]{section.13.5}{\376\377\000O\000s\000t\000e\000o\000m\000y\000e\000l\000i\000t\000i\000s}{chapter.13}% 154
\BOOKMARK [1][-]{section.13.6}{\376\377\000S\000e\000p\000t\000i\000c\000\040\000A\000r\000t\000h\000r\000i\000t\000i\000s}{chapter.13}% 155
\BOOKMARK [1][-]{section.13.7}{\376\377\000I\000n\000f\000e\000c\000t\000i\000o\000u\000s\000\040\000M\000o\000n\000o\000n\000u\000c\000l\000e\000o\000s\000i\000s}{chapter.13}% 156
\BOOKMARK [1][-]{section.13.8}{\376\377\000A\000c\000u\000t\000e\000\040\000O\000t\000i\000t\000i\000s\000\040\000M\000e\000d\000i\000a\000\040\000\050\000A\000O\000M\000\051}{chapter.13}% 157
\BOOKMARK [1][-]{section.13.9}{\376\377\000I\000n\000f\000l\000u\000e\000n\000z\000a}{chapter.13}% 158
\BOOKMARK [1][-]{section.13.10}{\376\377\000F\000e\000v\000e\000r\000\040\000o\000f\000\040\000U\000n\000k\000n\000o\000w\000n\000\040\000O\000r\000i\000g\000i\000n\000\040\000\050\000F\000U\000O\000\051}{chapter.13}% 159
\BOOKMARK [1][-]{section.13.11}{\376\377\000U\000r\000i\000n\000a\000r\000y\000\040\000T\000r\000a\000c\000t\000\040\000I\000n\000f\000e\000c\000t\000i\000o\000n\000\040\000\050\000U\000T\000I\000\051\000,\000\040\000F\000i\000r\000s\000t\000\040\000F\000e\000b\000r\000i\000l\000e}{chapter.13}% 160
\BOOKMARK [1][-]{section.13.12}{\376\377\000B\000a\000c\000t\000e\000r\000i\000a\000l\000\040\000M\000e\000n\000i\000n\000g\000i\000t\000i\000s}{chapter.13}% 161
\BOOKMARK [1][-]{section.13.13}{\376\377\000C\000O\000V\000I\000D\000-\0001\0009}{chapter.13}% 162
\BOOKMARK [0][-]{chapter.14}{\376\377\000M\000e\000t\000a\000b\000o\000l\000i\000s\000m}{}% 163
\BOOKMARK [1][-]{section.14.1}{\376\377\000I\000\040\000t\000h\000i\000n\000k\000\040\000t\000h\000i\000s\000\040\000m\000i\000g\000h\000t\000\040\000b\000e\000\040\000m\000e\000t\000a\000b\000o\000l\000i\000c\040\046}{chapter.14}% 164
\BOOKMARK [1][-]{section.14.2}{\376\377\000M\000a\000n\000a\000g\000e\000m\000e\000n\000t\000\040\000o\000f\000\040\000M\000e\000t\000a\000b\000o\000l\000i\000c\000\040\000C\000r\000i\000s\000e\000s}{chapter.14}% 165
\BOOKMARK [1][-]{section.14.3}{\376\377\000D\000i\000f\000f\000e\000r\000e\000n\000t\000i\000a\000l\000\040\000D\000i\000a\000g\000n\000o\000s\000i\000s\000\040\000b\000y\000\040\000C\000l\000i\000n\000i\000c\000a\000l\000\040\000M\000a\000n\000i\000f\000e\000s\000t\000a\000t\000i\000o\000n\000s}{chapter.14}% 166
\BOOKMARK [1][-]{section.14.4}{\376\377\000A\000m\000i\000n\000o\000a\000c\000i\000d\000o\000p\000a\000t\000h\000i\000e\000s}{chapter.14}% 167
\BOOKMARK [1][-]{section.14.5}{\376\377\000C\000a\000r\000b\000o\000h\000y\000d\000r\000a\000t\000e\000\040\000M\000e\000t\000a\000b\000o\000l\000i\000s\000m\000\040\000D\000e\000f\000e\000c\000t\000s}{chapter.14}% 168
\BOOKMARK [1][-]{section.14.6}{\376\377\000F\000a\000t\000t\000y\000\040\000A\000c\000i\000d\000\040\000O\000x\000i\000d\000a\000t\000i\000o\000n\000\040\000D\000i\000s\000o\000r\000d\000e\000r\000s}{chapter.14}% 169
\BOOKMARK [1][-]{section.14.7}{\376\377\000L\000y\000s\000o\000s\000o\000m\000a\000l\000\040\000D\000i\000s\000e\000a\000s\000e\000s}{chapter.14}% 170
\BOOKMARK [1][-]{section.14.8}{\376\377\000M\000i\000t\000o\000c\000h\000o\000n\000d\000r\000i\000a\000l\000\040\000D\000i\000s\000o\000r\000d\000e\000r\000s\000\040\000/\000\040\000P\000r\000i\000m\000a\000r\000y\000\040\000L\000a\000c\000t\000i\000c\000\040\000A\000c\000i\000d\000e\000m\000i\000a\000s}{chapter.14}% 171
\BOOKMARK [1][-]{section.14.9}{\376\377\000O\000r\000g\000a\000n\000i\000c\000\040\000A\000c\000i\000d\000e\000m\000i\000a\000s}{chapter.14}% 172
\BOOKMARK [1][-]{section.14.10}{\376\377\000P\000e\000r\000o\000x\000i\000s\000o\000m\000a\000l\000\040\000D\000i\000s\000o\000r\000d\000e\000r\000s}{chapter.14}% 173
\BOOKMARK [1][-]{section.14.11}{\376\377\000U\000r\000e\000a\000\040\000C\000y\000c\000l\000e\000\040\000D\000e\000f\000e\000c\000t\000s}{chapter.14}% 174
\BOOKMARK [1][-]{section.14.12}{\376\377\000G\000l\000o\000s\000s\000a\000r\000y}{chapter.14}% 175
\BOOKMARK [1][-]{section.14.13}{\376\377\000R\000e\000s\000o\000u\000r\000c\000e\000s}{chapter.14}% 176
\BOOKMARK [0][-]{chapter.15}{\376\377\000N\000e\000p\000h\000r\000o\000l\000o\000g\000y}{}% 177
\BOOKMARK [1][-]{section.15.1}{\376\377\000F\000o\000r\000m\000u\000l\000a\000s}{chapter.15}% 178
\BOOKMARK [1][-]{section.15.2}{\376\377\000F\000l\000u\000i\000d\000\040\000M\000a\000n\000a\000g\000e\000m\000e\000n\000t}{chapter.15}% 179
\BOOKMARK [1][-]{section.15.3}{\376\377\000A\000c\000i\000d\000/\000B\000a\000s\000e}{chapter.15}% 180
\BOOKMARK [1][-]{section.15.4}{\376\377\000H\000y\000p\000o\000n\000a\000t\000r\000e\000m\000i\000a}{chapter.15}% 181
\BOOKMARK [1][-]{section.15.5}{\376\377\000H\000y\000p\000e\000r\000n\000a\000t\000r\000e\000m\000i\000a}{chapter.15}% 182
\BOOKMARK [1][-]{section.15.6}{\376\377\000H\000y\000p\000o\000k\000a\000l\000e\000m\000i\000a}{chapter.15}% 183
\BOOKMARK [1][-]{section.15.7}{\376\377\000H\000y\000p\000e\000r\000k\000a\000l\000e\000m\000i\000a}{chapter.15}% 184
\BOOKMARK [1][-]{section.15.8}{\376\377\000P\000r\000o\000t\000e\000i\000n\000u\000r\000i\000a}{chapter.15}% 185
\BOOKMARK [1][-]{section.15.9}{\376\377\000H\000e\000m\000a\000t\000u\000r\000i\000a}{chapter.15}% 186
\BOOKMARK [1][-]{section.15.10}{\376\377\000N\000e\000p\000h\000r\000o\000t\000i\000c\000\040\000S\000y\000n\000d\000r\000o\000m\000e}{chapter.15}% 187
\BOOKMARK [1][-]{section.15.11}{\376\377\000N\000e\000p\000h\000r\000i\000t\000i\000c\000\040\000S\000y\000n\000d\000r\000o\000m\000e}{chapter.15}% 188
\BOOKMARK [1][-]{section.15.12}{\376\377\000A\000c\000u\000t\000e\000\040\000K\000i\000d\000n\000e\000y\000\040\000I\000n\000j\000u\000r\000y}{chapter.15}% 189
\BOOKMARK [1][-]{section.15.13}{\376\377\000C\000h\000r\000o\000n\000i\000c\000\040\000K\000i\000d\000n\000e\000y\000\040\000D\000i\000s\000e\000a\000s\000e}{chapter.15}% 190
\BOOKMARK [1][-]{section.15.14}{\376\377\000H\000e\000m\000o\000l\000y\000t\000i\000c\000-\000U\000r\000e\000m\000i\000c\000\040\000S\000y\000n\000d\000r\000o\000m\000e}{chapter.15}% 191
\BOOKMARK [1][-]{section.15.15}{\376\377\000H\000y\000p\000e\000r\000t\000e\000n\000s\000i\000o\000n}{chapter.15}% 192
\BOOKMARK [1][-]{section.15.16}{\376\377\000U\000r\000i\000n\000a\000r\000y\000\040\000T\000r\000a\000c\000t\000\040\000I\000n\000f\000e\000c\000t\000i\000o\000n\000s}{chapter.15}% 193
\BOOKMARK [1][-]{section.15.17}{\376\377\000N\000e\000p\000h\000r\000o\000l\000i\000t\000h\000i\000a\000s\000i\000s}{chapter.15}% 194
\BOOKMARK [1][-]{section.15.18}{\376\377\000R\000e\000f\000e\000r\000e\000n\000c\000e\000s}{chapter.15}% 195
\BOOKMARK [0][-]{chapter.16}{\376\377\000N\000e\000u\000r\000o\000l\000o\000g\000y}{}% 196
\BOOKMARK [1][-]{section.16.1}{\376\377\000N\000e\000u\000r\000o\000l\000o\000g\000i\000c\000\040\000E\000m\000e\000r\000g\000e\000n\000c\000i\000e\000s}{chapter.16}% 197
\BOOKMARK [1][-]{section.16.2}{\376\377\000W\000e\000a\000k\000n\000e\000s\000s}{chapter.16}% 198
\BOOKMARK [1][-]{section.16.3}{\376\377\000H\000y\000p\000o\000t\000o\000n\000i\000a}{chapter.16}% 199
\BOOKMARK [1][-]{section.16.4}{\376\377\000N\000e\000u\000r\000o\000i\000m\000m\000u\000n\000o\000l\000o\000g\000y}{chapter.16}% 200
\BOOKMARK [1][-]{section.16.5}{\376\377\000N\000e\000u\000r\000o\000p\000s\000y\000c\000h\000i\000a\000t\000r\000i\000c}{chapter.16}% 201
\BOOKMARK [1][-]{section.16.6}{\376\377\000H\000e\000a\000d\000a\000c\000h\000e}{chapter.16}% 202
\BOOKMARK [1][-]{section.16.7}{\376\377\000S\000e\000i\000z\000u\000r\000e\000s}{chapter.16}% 203
\BOOKMARK [1][-]{section.16.8}{\376\377\000M\000e\000n\000i\000n\000g\000i\000t\000i\000s}{chapter.16}% 204
\BOOKMARK [1][-]{section.16.9}{\376\377\000R\000e\000f\000e\000r\000e\000n\000c\000e\000s}{chapter.16}% 205
\BOOKMARK [0][-]{chapter.17}{\376\377\000N\000e\000w\000b\000o\000r\000n\000\040\000N\000u\000r\000s\000e\000r\000y}{}% 206
\BOOKMARK [1][-]{section.17.1}{\376\377\000R\000o\000t\000a\000t\000i\000o\000n\000\040\000S\000p\000e\000c\000i\000f\000i\000c\000\040\000E\000n\000t\000i\000t\000i\000e\000s}{chapter.17}% 207
\BOOKMARK [1][-]{section.17.2}{\376\377\000G\000e\000s\000t\000a\000t\000i\000o\000n\000a\000l\000\040\000A\000g\000e}{chapter.17}% 208
\BOOKMARK [1][-]{section.17.3}{\376\377\000N\000o\000r\000m\000a\000l\000\040\000I\000n\000f\000a\000n\000t\000\040\000F\000e\000e\000d\000i\000n\000g}{chapter.17}% 209
\BOOKMARK [1][-]{section.17.4}{\376\377\000N\000e\000w\000b\000o\000r\000n\000\040\000B\000e\000h\000a\000v\000i\000o\000r}{chapter.17}% 210
\BOOKMARK [1][-]{section.17.5}{\376\377\000A\000n\000t\000i\000c\000i\000p\000a\000t\000o\000r\000y\000\040\000G\000u\000i\000d\000a\000n\000c\000e\000\040\000/\000\040\000D\000i\000s\000c\000h\000a\000r\000g\000e\000\040\000T\000e\000a\000c\000h\000i\000n\000g}{chapter.17}% 211
\BOOKMARK [1][-]{section.17.6}{\376\377\000H\000y\000p\000e\000r\000b\000i\000l\000i\000r\000u\000b\000i\000n\000e\000m\000i\000a}{chapter.17}% 212
\BOOKMARK [1][-]{section.17.7}{\376\377\000I\000n\000f\000a\000n\000t\000\040\000o\000f\000\040\000a\000\040\000D\000i\000a\000b\000e\000t\000i\000c\000\040\000M\000o\000t\000h\000e\000r\000\040\000\050\000I\000D\000M\000\051}{chapter.17}% 213
\BOOKMARK [1][-]{section.17.8}{\376\377\000N\000e\000o\000n\000a\000t\000a\000l\000\040\000A\000b\000s\000t\000i\000n\000e\000n\000c\000e\000\040\000S\000y\000n\000d\000r\000o\000m\000e\000\040\000\050\000N\000A\000S\000\051}{chapter.17}% 214
\BOOKMARK [1][-]{section.17.9}{\376\377\000N\000e\000w\000b\000o\000r\000n\000\040\000I\000D}{chapter.17}% 215
\BOOKMARK [0][-]{chapter.18}{\376\377\000N\000e\000o\000n\000a\000t\000o\000l\000o\000g\000y\000\040\000\050\000N\000I\000C\000U\000\051}{}% 216
\BOOKMARK [1][-]{section.18.1}{\376\377\000A\000P\000G\000A\000R\000\040\000S\000c\000o\000r\000i\000n\000g}{chapter.18}% 217
\BOOKMARK [1][-]{section.18.2}{\376\377\000N\000e\000o\000n\000a\000t\000a\000l\000\040\000R\000e\000s\000p\000i\000r\000a\000t\000o\000r\000y\000\040\000D\000i\000s\000o\000r\000d\000e\000r\000s\000\040\000\046\000\040\000D\000e\000l\000i\000v\000e\000r\000y\000\040\000R\000o\000o\000m\000\040\000P\000a\000t\000h\000o\000l\000o\000g\000y}{chapter.18}% 218
\BOOKMARK [1][-]{section.18.3}{\376\377\000N\000e\000o\000n\000a\000t\000a\000l\000\040\000C\000a\000r\000d\000i\000o\000l\000o\000g\000y}{chapter.18}% 219
\BOOKMARK [1][-]{section.18.4}{\376\377\000N\000e\000o\000n\000a\000t\000a\000l\000\040\000H\000e\000m\000a\000t\000o\000l\000o\000g\000y}{chapter.18}% 220
\BOOKMARK [1][-]{section.18.5}{\376\377\000N\000e\000o\000n\000a\000t\000a\000l\000\040\000N\000e\000u\000r\000o\000l\000o\000g\000y}{chapter.18}% 221
\BOOKMARK [1][-]{section.18.6}{\376\377\000N\000e\000o\000n\000a\000t\000a\000l\000\040\000I\000n\000f\000e\000c\000t\000i\000o\000u\000s\000\040\000D\000i\000s\000e\000a\000s\000e}{chapter.18}% 222
\BOOKMARK [1][-]{section.18.7}{\376\377\000N\000e\000o\000n\000a\000t\000a\000l\000\040\000E\000n\000d\000o\000c\000r\000i\000n\000o\000l\000o\000g\000y}{chapter.18}% 223
\BOOKMARK [1][-]{section.18.8}{\376\377\000N\000e\000o\000n\000a\000t\000a\000l\000\040\000G\000a\000s\000t\000r\000o\000e\000n\000t\000e\000r\000o\000l\000o\000g\000y}{chapter.18}% 224
\BOOKMARK [0][-]{chapter.19}{\376\377\000O\000n\000c\000o\000l\000o\000g\000y}{}% 225
\BOOKMARK [1][-]{section.19.1}{\376\377\000O\000r\000d\000e\000r\000\040\000S\000e\000t\000s\000\040\000\046\000\040\000P\000o\000w\000e\000r\000P\000l\000a\000n\000s}{chapter.19}% 226
\BOOKMARK [1][-]{section.19.2}{\376\377\000C\000o\000m\000m\000o\000n\000\040\000P\000e\000d\000i\000a\000t\000r\000i\000c\000\040\000C\000a\000n\000c\000e\000r\000s}{chapter.19}% 227
\BOOKMARK [1][-]{section.19.3}{\376\377\000C\000o\000m\000m\000o\000n\000\040\000C\000h\000e\000m\000o\000t\000h\000e\000r\000a\000p\000i\000e\000s}{chapter.19}% 228
\BOOKMARK [1][-]{section.19.4}{\376\377\000C\000o\000m\000m\000o\000n\000\040\000T\000a\000r\000g\000e\000t\000e\000d\000\040\000T\000h\000e\000r\000a\000p\000i\000e\000s}{chapter.19}% 229
\BOOKMARK [1][-]{section.19.5}{\376\377\000O\000n\000c\000o\000l\000o\000g\000i\000c\000\040\000E\000m\000e\000r\000g\000e\000n\000c\000i\000e\000s}{chapter.19}% 230
\BOOKMARK [0][-]{chapter.20}{\376\377\000P\000a\000i\000n}{}% 231
\BOOKMARK [1][-]{section.20.1}{\376\377\000C\000h\000r\000o\000n\000i\000c\000\040\000P\000a\000i\000n}{chapter.20}% 232
\BOOKMARK [1][-]{section.20.2}{\376\377\000A\000c\000u\000t\000e\000\040\000P\000a\000i\000n}{chapter.20}% 233
\BOOKMARK [1][-]{section.20.3}{\376\377\000C\000a\000n\000c\000e\000r\000\040\000P\000a\000i\000n\000\040\000M\000a\000n\000a\000g\000e\000m\000e\000n\000t}{chapter.20}% 234
\BOOKMARK [0][-]{chapter.21}{\376\377\000P\000e\000d\000i\000a\000t\000r\000i\000c\000\040\000A\000d\000v\000a\000n\000c\000e\000d\000\040\000C\000a\000r\000e\000\040\000T\000e\000a\000m\000\040\000\050\000P\000A\000C\000T\000\051\000\040\000`\000`\000C\000O\000D\000E\000\040\000C\000A\000R\000D\000'\000'}{}% 235
\BOOKMARK [1][-]{section.21.1}{\376\377\000P\000e\000d\000i\000a\000t\000r\000i\000c\000\040\000P\000a\000l\000l\000i\000a\000t\000i\000v\000e\000\040\000C\000a\000r\000e\000\040\000\050\000P\000P\000C\000\051}{chapter.21}% 236
\BOOKMARK [1][-]{section.21.2}{\376\377\000S\000p\000e\000c\000i\000a\000l\000t\000y\000\040\000P\000P\000C\000\040\000a\000t\000\040\000B\000C\000H}{chapter.21}% 237
\BOOKMARK [1][-]{section.21.3}{\376\377\000P\000r\000i\000m\000a\000r\000y\000\040\000P\000P\000C\000:\000\040\000S\000k\000i\000l\000l\000s\000\040\000f\000o\000r\000\040\000A\000l\000l\000\040\000C\000l\000i\000n\000i\000c\000i\000a\000n\000s}{chapter.21}% 238
\BOOKMARK [0][-]{chapter.22}{\376\377\000P\000r\000i\000m\000a\000r\000y\000\040\000C\000a\000r\000e}{}% 239
\BOOKMARK [1][-]{section.22.1}{\376\377\000D\000e\000v\000e\000l\000o\000p\000m\000e\000n\000t\000a\000l\000\040\000M\000i\000l\000e\000s\000t\000o\000n\000e\000s}{chapter.22}% 240
\BOOKMARK [1][-]{section.22.2}{\376\377\000R\000e\000d\000\040\000F\000l\000a\000g\000s}{chapter.22}% 241
\BOOKMARK [1][-]{section.22.3}{\376\377\000N\000e\000w\000b\000o\000r\000n\000\040\000V\000i\000s\000i\000t}{chapter.22}% 242
\BOOKMARK [1][-]{section.22.4}{\376\377\0002\000\040\000M\000o\000n\000t\000h\000\040\000W\000C\000C}{chapter.22}% 243
\BOOKMARK [1][-]{section.22.5}{\376\377\0004\000\040\000M\000o\000n\000t\000h\000\040\000W\000C\000C}{chapter.22}% 244
\BOOKMARK [1][-]{section.22.6}{\376\377\0006\000\040\000M\000o\000n\000t\000h\000\040\000W\000C\000C}{chapter.22}% 245
\BOOKMARK [1][-]{section.22.7}{\376\377\0009\000\040\000M\000o\000n\000t\000h\000\040\000W\000C\000C}{chapter.22}% 246
\BOOKMARK [1][-]{section.22.8}{\376\377\0001\0002\000\040\000M\000o\000n\000t\000h\000\040\000W\000C\000C}{chapter.22}% 247
\BOOKMARK [1][-]{section.22.9}{\376\377\0001\0005\000\040\000M\000o\000n\000t\000h\000\040\000W\000C\000C}{chapter.22}% 248
\BOOKMARK [1][-]{section.22.10}{\376\377\0001\0008\000\040\000M\000o\000n\000t\000h\000\040\000W\000C\000C}{chapter.22}% 249
\BOOKMARK [1][-]{section.22.11}{\376\377\0002\000\040\000Y\000e\000a\000r\000\040\000O\000l\000d\000\040\000W\000C\000C}{chapter.22}% 250
\BOOKMARK [1][-]{section.22.12}{\376\377\0003\000\040\000Y\000e\000a\000r\000\040\000O\000l\000d\000\040\000W\000C\000C}{chapter.22}% 251
\BOOKMARK [1][-]{section.22.13}{\376\377\0004\000\040\000Y\000e\000a\000r\000\040\000O\000l\000d\000\040\000W\000C\000C}{chapter.22}% 252
\BOOKMARK [1][-]{section.22.14}{\376\377\000S\000c\000h\000o\000o\000l\000\040\000A\000g\000e\000\040\000\050\000\176\0005\000-\0001\0000\000\051}{chapter.22}% 253
\BOOKMARK [1][-]{section.22.15}{\376\377\000M\000i\000d\000d\000l\000e\000\040\000S\000c\000h\000o\000o\000l\000\040\000\050\000\176\0001\0001\000-\0001\0003\000\051}{chapter.22}% 254
\BOOKMARK [1][-]{section.22.16}{\376\377\000A\000d\000o\000l\000e\000s\000c\000e\000n\000c\000e\000\040\000\050\000\176\0001\0003\000-\0001\0008\000\051}{chapter.22}% 255
\BOOKMARK [1][-]{section.22.17}{\376\377\000V\000a\000c\000c\000i\000n\000e\000\040\000S\000c\000h\000e\000d\000u\000l\000e\000\040\000\050\000B\000i\000r\000t\000h\000\040\000t\000o\000\040\0001\0008\000\040\000y\000e\000a\000r\000s\000\051}{chapter.22}% 256
\BOOKMARK [1][-]{section.22.18}{\376\377\000C\000H\000P\000C\000C\000\040\000V\000a\000c\000c\000i\000n\000e\000\040\000S\000c\000h\000e\000d\000u\000l\000e}{chapter.22}% 257
\BOOKMARK [1][-]{section.22.19}{\376\377\000C\000H\000P\000C\000C\000\040\000S\000c\000r\000e\000e\000n\000i\000n\000g\000\040\000S\000c\000h\000e\000d\000u\000l\000e}{chapter.22}% 258
\BOOKMARK [1][-]{section.22.20}{\376\377\000B\000M\000C\000\040\000C\000l\000i\000n\000i\000c\000\040\000S\000c\000r\000e\000e\000n\000i\000n\000g\000\040\000Q\000u\000e\000s\000t\000i\000o\000n\000n\000a\000i\000r\000e\000\040\000S\000c\000h\000e\000d\000u\000l\000e}{chapter.22}% 259
\BOOKMARK [1][-]{section.22.21}{\376\377\000A\000u\000t\000i\000s\000m\000\040\000M\000a\000n\000a\000g\000e\000m\000e\000n\000t\000\040\000i\000n\000\040\000P\000r\000i\000m\000a\000r\000y\000\040\000C\000a\000r\000e\000\040\000C\000l\000i\000n\000i\000c\000\040\000\050\000*\000*\000C\000H\000O\000P\000\040\000E\000B\000G\000\051}{chapter.22}% 260
\BOOKMARK [1][-]{section.22.22}{\376\377\000A\000D\000H\000D}{chapter.22}% 261
\BOOKMARK [1][-]{section.22.23}{\376\377\000A\000n\000x\000i\000e\000t\000y}{chapter.22}% 262
\BOOKMARK [1][-]{section.22.24}{\376\377\000D\000e\000p\000r\000e\000s\000s\000i\000o\000n}{chapter.22}% 263
\BOOKMARK [1][-]{section.22.25}{\376\377\000M\000e\000d\000i\000c\000a\000t\000i\000o\000n\000\040\000M\000a\000n\000a\000g\000e\000m\000e\000n\000t\000:\000\040\000A\000n\000x\000i\000e\000t\000y\000\040\000a\000n\000d\000\040\000D\000e\000p\000r\000e\000s\000s\000i\000o\000n}{chapter.22}% 264
\BOOKMARK [1][-]{section.22.26}{\376\377\000B\000M\000C\000\040\000P\000r\000i\000m\000a\000r\000y\000\040\000C\000a\000r\000e\000\040\000C\000l\000i\000n\000i\000c\000\040\000R\000e\000s\000o\000u\000r\000c\000e\000s}{chapter.22}% 265
\BOOKMARK [1][-]{section.22.27}{\376\377\000B\000M\000C\000\040\000P\000e\000d\000i\000a\000t\000r\000i\000c\000s\000\040\000S\000p\000e\000c\000i\000a\000l\000t\000y\000\040\000O\000u\000t\000p\000a\000t\000i\000e\000n\000t\000\040\000C\000l\000i\000n\000i\000c\000s}{chapter.22}% 266
\BOOKMARK [1][-]{section.22.28}{\376\377\000S\000o\000F\000A\000R\000\040\000C\000l\000i\000n\000i\000c}{chapter.22}% 267
\BOOKMARK [1][-]{section.22.29}{\376\377\000B\000M\000C\000\040\000I\000n\000d\000i\000c\000a\000t\000i\000o\000n\000s\000\040\000f\000o\000r\000\040\000S\000o\000c\000i\000a\000l\000\040\000W\000o\000r\000k\000\040\000C\000o\000n\000s\000u\000l\000t}{chapter.22}% 268
\BOOKMARK [1][-]{section.22.30}{\376\377\000B\000M\000C\000\040\000C\000l\000i\000n\000i\000c\000\040\000T\000i\000p\000s}{chapter.22}% 269
\BOOKMARK [1][-]{section.22.31}{\376\377\000C\000H\000P\000C\000C\000\040\000C\000o\000-\000L\000o\000c\000a\000t\000e\000d\000\040\000`\000`\000S\000p\000e\000c\000i\000a\000l\000t\000y\000'\000'\000\040\000C\000l\000i\000n\000i\000c\000s}{chapter.22}% 270
\BOOKMARK [1][-]{section.22.32}{\376\377\000C\000H\000P\000C\000C\000\040\000C\000o\000n\000t\000a\000c\000t\000s}{chapter.22}% 271
\BOOKMARK [0][-]{chapter.23}{\376\377\000P\000s\000y\000c\000h\000i\000a\000t\000r\000y}{}% 272
\BOOKMARK [1][-]{section.23.1}{\376\377\000C\000o\000n\000s\000u\000l\000t\000i\000n\000g\000\040\000P\000s\000y\000c\000h}{chapter.23}% 273
\BOOKMARK [1][-]{section.23.2}{\376\377\000A\000/\000P\000\040\000T\000e\000m\000p\000l\000a\000t\000e\000\040\000f\000o\000r\000\040\000P\000a\000t\000i\000e\000n\000t\000s\000\040\000A\000w\000a\000i\000t\000i\000n\000g\000\040\000I\000n\000p\000a\000t\000i\000e\000n\000t\000\040\000P\000s\000y\000c\000h\000\040\000P\000l\000a\000c\000e\000m\000e\000n\000t}{chapter.23}% 274
\BOOKMARK [1][-]{section.23.3}{\376\377\000A\000g\000i\000t\000a\000t\000i\000o\000n}{chapter.23}% 275
\BOOKMARK [1][-]{section.23.4}{\376\377\000M\000e\000d\000i\000c\000a\000t\000i\000o\000n\000s\000\040\000T\000h\000a\000t\000\040\000C\000a\000u\000s\000e\000\040\000P\000s\000y\000c\000h\000i\000a\000t\000r\000i\000c\000\040\000S\000i\000d\000e\000\040\000E\000f\000f\000e\000c\000t\000s}{chapter.23}% 276
\BOOKMARK [1][-]{section.23.5}{\376\377\000C\000a\000p\000a\000c\000i\000t\000y\000\040\000A\000s\000s\000e\000s\000s\000m\000e\000n\000t}{chapter.23}% 277
\BOOKMARK [1][-]{section.23.6}{\376\377\000D\000e\000p\000r\000e\000s\000s\000i\000o\000n\000\040\000\046\000\040\000A\000n\000x\000i\000e\000t\000y}{chapter.23}% 278
\BOOKMARK [1][-]{section.23.7}{\376\377\000S\000u\000i\000c\000i\000d\000e}{chapter.23}% 279
\BOOKMARK [1][-]{section.23.8}{\376\377\000A\000n\000t\000i\000d\000e\000p\000r\000e\000s\000s\000a\000n\000t\000s}{chapter.23}% 280
\BOOKMARK [1][-]{section.23.9}{\376\377\000A\000n\000t\000i\000p\000s\000y\000c\000h\000o\000t\000i\000c\000s}{chapter.23}% 281
\BOOKMARK [1][-]{section.23.10}{\376\377\000M\000o\000o\000d\000\040\000S\000t\000a\000b\000i\000l\000i\000z\000e\000r\000s}{chapter.23}% 282
\BOOKMARK [1][-]{section.23.11}{\376\377\000O\000t\000h\000e\000r\000\040\000P\000s\000y\000c\000h\000o\000t\000r\000o\000p\000i\000c\000\040\000M\000e\000d\000i\000c\000a\000t\000i\000o\000n\000s}{chapter.23}% 283
\BOOKMARK [1][-]{section.23.12}{\376\377\000E\000l\000e\000c\000t\000r\000o\000c\000o\000n\000v\000u\000l\000s\000i\000v\000e\000\040\000T\000h\000e\000r\000a\000p\000y\000\040\000\050\000E\000C\000T\000\051}{chapter.23}% 284
\BOOKMARK [1][-]{section.23.13}{\376\377\000P\000s\000y\000c\000h\000o\000t\000h\000e\000r\000a\000p\000y}{chapter.23}% 285
\BOOKMARK [0][-]{chapter.24}{\376\377\000P\000u\000l\000m\000o\000n\000o\000l\000o\000g\000y}{}% 286
\BOOKMARK [1][-]{section.24.1}{\376\377\000A\000s\000t\000h\000m\000a\000\040\040\023\000\040\000E\000D\000/\000I\000n\000p\000a\000t\000i\000e\000n\000t\000:\000\040\000E\000B\000G}{chapter.24}% 287
\BOOKMARK [1][-]{section.24.2}{\376\377\000A\000s\000t\000h\000m\000a\000\040\040\023\000\040\000O\000u\000t\000p\000a\000t\000i\000e\000n\000t\000:}{chapter.24}% 288
\BOOKMARK [1][-]{section.24.3}{\376\377\000B\000r\000o\000n\000c\000h\000i\000o\000l\000i\000t\000i\000s\000:\000\040\000E\000B\000G}{chapter.24}% 289
\BOOKMARK [1][-]{section.24.4}{\376\377\000A\000p\000p\000r\000o\000a\000c\000h\000\040\000t\000o\000\040\000C\000o\000u\000g\000h}{chapter.24}% 290
\BOOKMARK [1][-]{section.24.5}{\376\377\000C\000y\000s\000t\000i\000c\000\040\000F\000i\000b\000r\000o\000s\000i\000s\000:\000\040\000E\000B\000G}{chapter.24}% 291
\BOOKMARK [1][-]{section.24.6}{\376\377\000H\000e\000m\000o\000p\000t\000y\000s\000i\000s\000\040\000\050\000C\000F\000\051}{chapter.24}% 292
\BOOKMARK [1][-]{section.24.7}{\376\377\000P\000n\000e\000u\000m\000o\000t\000h\000o\000r\000a\000x}{chapter.24}% 293
\BOOKMARK [1][-]{section.24.8}{\376\377\000P\000n\000e\000u\000m\000o\000n\000i\000a\000:\000\040\000E\000B\000G}{chapter.24}% 294
\BOOKMARK [1][-]{section.24.9}{\376\377\000P\000l\000e\000u\000r\000a\000l\000\040\000E\000f\000f\000u\000s\000i\000o\000n\000s}{chapter.24}% 295
\BOOKMARK [1][-]{section.24.10}{\376\377\000O\000b\000s\000t\000r\000u\000c\000t\000i\000v\000e\000\040\000S\000l\000e\000e\000p\000\040\000A\000p\000n\000e\000a}{chapter.24}% 296
\BOOKMARK [1][-]{section.24.11}{\376\377\000T\000u\000b\000e\000r\000c\000u\000l\000o\000s\000i\000s}{chapter.24}% 297
\BOOKMARK [1][-]{section.24.12}{\376\377\000P\000u\000l\000m\000o\000n\000a\000r\000y\000\040\000F\000u\000n\000c\000t\000i\000o\000n\000\040\000T\000e\000s\000t\000s}{chapter.24}% 298
\BOOKMARK [1][-]{section.24.13}{\376\377\000O\000b\000s\000t\000r\000u\000c\000t\000i\000v\000e\000\040\000v\000s\000.\000\040\000R\000e\000s\000t\000r\000i\000c\000t\000i\000v\000e\000\040\000L\000u\000n\000g\000\040\000D\000i\000s\000e\000a\000s\000e}{chapter.24}% 299
\BOOKMARK [1][-]{section.24.14}{\376\377\000B\000r\000o\000n\000c\000h\000o\000d\000i\000l\000a\000t\000o\000r\000/\000B\000r\000o\000n\000c\000h\000o\000p\000r\000o\000v\000o\000c\000a\000t\000i\000o\000n\000\040\000T\000e\000s\000t\000i\000n\000g\000\040\000i\000n\000\040\000A\000s\000t\000h\000m\000a}{chapter.24}% 300
\BOOKMARK [1][-]{section.24.15}{\376\377\000E\000V\000A\000L\000I\000\040\000\050\000E\000-\000C\000i\000g\000a\000r\000e\000t\000t\000e\000\040\000a\000n\000d\000\040\000V\000a\000p\000i\000n\000g\000\040\000A\000s\000s\000o\000c\000i\000a\000t\000e\000d\000\040\000L\000u\000n\000g\000\040\000I\000n\000j\000u\000r\000y\000\051}{chapter.24}% 301
\BOOKMARK [0][-]{chapter.25}{\376\377\000R\000h\000e\000u\000m\000a\000t\000o\000l\000o\000g\000y}{}% 302
\BOOKMARK [1][-]{section.25.1}{\376\377\000P\000e\000d\000i\000a\000t\000r\000i\000c\000\040\000a\000p\000p\000r\000o\000a\000c\000h\000\040\000t\000o\000\040\000r\000h\000e\000u\000m\000a\000t\000i\000c\000\040\000d\000i\000s\000e\000a\000s\000e}{chapter.25}% 303
\BOOKMARK [1][-]{section.25.2}{\376\377\000I\000n\000f\000l\000a\000m\000m\000a\000t\000o\000r\000y\000\040\000m\000a\000r\000k\000e\000r\000s\000\040\000a\000n\000d\000\040\000a\000u\000t\000o\000a\000n\000t\000i\000b\000o\000d\000i\000e\000s}{chapter.25}% 304
\BOOKMARK [1][-]{section.25.3}{\376\377\000C\000h\000i\000l\000d\000h\000o\000o\000d\000\040\000V\000a\000s\000c\000u\000l\000i\000t\000i\000d\000e\000s}{chapter.25}% 305
\BOOKMARK [1][-]{section.25.4}{\376\377\000H\000e\000n\000o\000c\000h\000-\000S\000c\000h\000o\000n\000l\000e\000i\000n\000\040\000P\000u\000r\000p\000u\000r\000a\000\040\000\050\000I\000g\000A\000\040\000v\000a\000s\000c\000u\000l\000i\000t\000i\000s\000\051}{chapter.25}% 306
\BOOKMARK [1][-]{section.25.5}{\376\377\000K\000a\000w\000a\000s\000a\000k\000i\000\040\000D\000i\000s\000e\000a\000s\000e}{chapter.25}% 307
\BOOKMARK [1][-]{section.25.6}{\376\377\000P\000o\000l\000y\000a\000r\000t\000e\000r\000i\000t\000i\000s\000\040\000N\000o\000d\000o\000s\000a}{chapter.25}% 308
\BOOKMARK [1][-]{section.25.7}{\376\377\000C\000o\000n\000n\000e\000c\000t\000i\000v\000e\000\040\000T\000i\000s\000s\000u\000e\000\040\000D\000i\000s\000o\000r\000d\000e\000r\000s}{chapter.25}% 309
\BOOKMARK [1][-]{section.25.8}{\376\377\000S\000y\000s\000t\000e\000m\000i\000c\000\040\000L\000u\000p\000u\000s\000\040\000E\000r\000y\000t\000h\000e\000m\000a\000t\000o\000s\000u\000s}{chapter.25}% 310
\BOOKMARK [1][-]{section.25.9}{\376\377\000I\000n\000f\000l\000a\000m\000m\000a\000t\000o\000r\000y\000\040\000M\000y\000o\000p\000a\000t\000h\000i\000e\000s}{chapter.25}% 311
\BOOKMARK [1][-]{section.25.10}{\376\377\000S\000j\000o\000g\000r\000e\000n\000\040\000S\000y\000n\000d\000r\000o\000m\000e}{chapter.25}% 312
\BOOKMARK [1][-]{section.25.11}{\376\377\000P\000e\000d\000i\000a\000t\000r\000i\000c\000\040\000a\000r\000t\000h\000r\000i\000t\000i\000d\000e\000s\000:\000\040\000A\000p\000p\000r\000o\000a\000c\000h\000\040\000t\000o\000\040\000J\000o\000i\000n\000t\000\040\000D\000i\000s\000e\000a\000s\000e}{chapter.25}% 313
\BOOKMARK [1][-]{section.25.12}{\376\377\000J\000u\000v\000e\000n\000i\000l\000e\000\040\000I\000d\000i\000o\000p\000a\000t\000h\000i\000c\000\040\000A\000r\000t\000h\000r\000i\000t\000i\000s}{chapter.25}% 314
\BOOKMARK [1][-]{section.25.13}{\376\377\000S\000y\000s\000t\000e\000m\000i\000c\000\040\000J\000I\000A\000\040\000\050\000S\000t\000i\000l\000l\000'\000s\000\040\000d\000i\000s\000e\000a\000s\000e\000\051}{chapter.25}% 315
\BOOKMARK [1][-]{section.25.14}{\376\377\000M\000a\000c\000r\000o\000p\000h\000a\000g\000e\000\040\000A\000c\000t\000i\000v\000a\000t\000i\000o\000n\000\040\000S\000y\000n\000d\000r\000o\000m\000e\000\040\000\050\000M\000A\000S\000\051}{chapter.25}% 316
\BOOKMARK [1][-]{section.25.15}{\376\377\000F\000e\000v\000e\000r\000\040\000o\000f\000\040\000U\000n\000k\000n\000o\000w\000n\000\040\000O\000r\000i\000g\000i\000n}{chapter.25}% 317
\BOOKMARK [1][-]{section.25.16}{\376\377\000A\000u\000t\000o\000i\000n\000f\000l\000a\000m\000m\000a\000t\000o\000r\000y\000\040\000D\000i\000s\000e\000a\000s\000e\000s}{chapter.25}% 318
\BOOKMARK [1][-]{section.25.17}{\376\377\000C\000o\000m\000m\000o\000n\000\040\000R\000h\000e\000u\000m\000a\000t\000o\000l\000o\000g\000y\000\040\000M\000e\000d\000i\000c\000a\000t\000i\000o\000n\000s}{chapter.25}% 319
\BOOKMARK [0][-]{chapter.26}{\376\377\000S\000p\000o\000r\000t\000s\000\040\000M\000e\000d\000i\000c\000i\000n\000e}{}% 320
\BOOKMARK [1][-]{section.26.1}{\376\377\000G\000e\000n\000e\000r\000a\000l\000\040\000A\000p\000p\000r\000o\000a\000c\000h\000\040\000t\000o\000\040\000t\000h\000e\000\040\000M\000S\000K\000\040\000E\000x\000a\000m}{chapter.26}% 321
\BOOKMARK [1][-]{section.26.2}{\376\377\000F\000r\000a\000c\000t\000u\000r\000e\000s}{chapter.26}% 322
\BOOKMARK [1][-]{section.26.3}{\376\377\000P\000r\000e\000-\000P\000a\000r\000t\000i\000c\000i\000p\000a\000t\000i\000o\000n\000\040\000P\000h\000y\000s\000i\000c\000a\000l}{chapter.26}% 323
\BOOKMARK [1][-]{section.26.4}{\376\377\000U\000p\000p\000e\000r\000\040\000E\000x\000t\000r\000e\000m\000i\000t\000y\000:\000\040\000E\000l\000b\000o\000w\000,\000\040\000F\000o\000r\000e\000a\000r\000m\000\040\000\046\000\040\000W\000r\000i\000s\000t}{chapter.26}% 324
\BOOKMARK [1][-]{section.26.5}{\376\377\000U\000p\000p\000e\000r\000\040\000E\000x\000t\000r\000e\000m\000i\000t\000y\000:\000\040\000S\000h\000o\000u\000l\000d\000e\000r}{chapter.26}% 325
\BOOKMARK [1][-]{section.26.6}{\376\377\000L\000o\000w\000e\000r\000\040\000E\000x\000t\000r\000e\000m\000i\000t\000y\000:\000\040\000H\000i\000p}{chapter.26}% 326
\BOOKMARK [1][-]{section.26.7}{\376\377\000L\000o\000w\000e\000r\000\040\000E\000x\000t\000r\000e\000m\000i\000t\000y\000:\000\040\000K\000n\000e\000e}{chapter.26}% 327
\BOOKMARK [1][-]{section.26.8}{\376\377\000L\000o\000w\000e\000r\000\040\000E\000x\000t\000r\000e\000m\000i\000t\000y\000:\000\040\000A\000n\000k\000l\000e\000/\000F\000o\000o\000t}{chapter.26}% 328
\BOOKMARK [1][-]{section.26.9}{\376\377\000S\000p\000i\000n\000e}{chapter.26}% 329
\BOOKMARK [1][-]{section.26.10}{\376\377\000H\000e\000a\000d}{chapter.26}% 330
\BOOKMARK [0][-]{chapter.27}{\376\377\000T\000o\000x\000i\000c\000o\000l\000o\000g\000y}{}% 331
\BOOKMARK [1][-]{section.27.1}{\376\377\000K\000e\000y\000\040\000R\000e\000s\000o\000u\000r\000c\000e\000s}{chapter.27}% 332
\BOOKMARK [1][-]{section.27.2}{\376\377\000A\000p\000p\000r\000o\000a\000c\000h\000\040\000t\000o\000\040\000P\000o\000i\000s\000o\000n\000e\000d\000\040\000P\000a\000t\000i\000e\000n\000t}{chapter.27}% 333
\BOOKMARK [1][-]{section.27.3}{\376\377\000T\000o\000x\000i\000d\000r\000o\000m\000e\000s}{chapter.27}% 334
\BOOKMARK [1][-]{section.27.4}{\376\377\000D\000i\000f\000f\000e\000r\000e\000n\000t\000i\000a\000l\000\040\000D\000i\000a\000g\000n\000o\000s\000i\000s\000\040\000\050\000n\000o\000n\000-\000e\000x\000h\000a\000u\000s\000t\000i\000v\000e\000\051}{chapter.27}% 335
\BOOKMARK [1][-]{section.27.5}{\376\377\000A\000c\000e\000t\000a\000m\000i\000n\000o\000p\000h\000e\000n\000\040\000O\000v\000e\000r\000d\000o\000s\000e}{chapter.27}% 336
\BOOKMARK [1][-]{section.27.6}{\376\377\000A\000s\000p\000i\000r\000i\000n\000\040\000O\000v\000e\000r\000d\000o\000s\000e}{chapter.27}% 337
\BOOKMARK [1][-]{section.27.7}{\376\377\000B\000e\000t\000a\000-\000B\000l\000o\000c\000k\000e\000r\000\040\000O\000v\000e\000r\000d\000o\000s\000e}{chapter.27}% 338
\BOOKMARK [1][-]{section.27.8}{\376\377\000C\000a\000l\000c\000i\000u\000m\000\040\000C\000h\000a\000n\000n\000e\000l\000\040\000B\000l\000o\000c\000k\000e\000r\000\040\000O\000v\000e\000r\000d\000o\000s\000e}{chapter.27}% 339
\BOOKMARK [1][-]{section.27.9}{\376\377\000A\000n\000t\000i\000d\000e\000p\000r\000e\000s\000s\000a\000n\000t\000s\000:\000\040\000S\000S\000R\000I\000s\000\040\000a\000n\000d\000\040\000S\000N\000R\000I\000s}{chapter.27}% 340
\BOOKMARK [1][-]{section.27.10}{\376\377\000A\000n\000t\000i\000d\000e\000p\000r\000e\000s\000s\000a\000n\000t\000s\000:\000\040\000T\000C\000A\000s}{chapter.27}% 341
\BOOKMARK [1][-]{section.27.11}{\376\377\000A\000n\000t\000i\000d\000e\000p\000r\000e\000s\000s\000a\000n\000t\000s\000:\000\040\000B\000u\000p\000r\000o\000p\000r\000i\000o\000n}{chapter.27}% 342
\BOOKMARK [1][-]{section.27.12}{\376\377\000I\000r\000o\000n}{chapter.27}% 343
\BOOKMARK [1][-]{section.27.13}{\376\377\000L\000e\000a\000d}{chapter.27}% 344
\BOOKMARK [1][-]{section.27.14}{\376\377\000D\000r\000u\000g\000s\000\040\000o\000f\000\040\000A\000b\000u\000s\000e}{chapter.27}% 345
